<?xml version="1.0" encoding="UTF-8"?>
<robot generator="Robot 7.0.1 (Python 3.12.1 on linux)" generated="2024-09-07T10:55:06.989686" rpa="false" schemaversion="5">
<suite id="s1" name="Search" source="/workspaces/Robot/search.robot">
<test id="s1-t1" name="Test Case 1" line="5">
<kw name="Hello World" owner="keywords">
<kw name="Log To Console" owner="BuiltIn">
<arg>Hello World</arg>
<doc>Logs the given message to the console.</doc>
<status status="PASS" start="2024-09-07T10:55:07.009678" elapsed="0.000196"/>
</kw>
<status status="PASS" start="2024-09-07T10:55:07.009130" elapsed="0.000862"/>
</kw>
<status status="PASS" start="2024-09-07T10:55:07.008613" elapsed="0.001577"/>
</test>
<test id="s1-t2" name="Test Case 2" line="7">
<kw name="Learn Framework" owner="keywords">
<kw name="Log To Console" owner="BuiltIn">
<arg>I am ${USER}[name] and I am ${USER}[mood] to ${USER}[activity]</arg>
<doc>Logs the given message to the console.</doc>
<status status="PASS" start="2024-09-07T10:55:07.011077" elapsed="0.001159"/>
</kw>
<status status="PASS" start="2024-09-07T10:55:07.010826" elapsed="0.001499"/>
</kw>
<status status="PASS" start="2024-09-07T10:55:07.010449" elapsed="0.002051"/>
</test>
<status status="PASS" start="2024-09-07T10:55:06.990550" elapsed="0.022497"/>
</suite>
<statistics>
<total>
<stat pass="2" fail="0" skip="0">All Tests</stat>
</total>
<tag>
</tag>
<suite>
<stat pass="2" fail="0" skip="0" id="s1" name="Search">Search</stat>
</suite>
</statistics>
<errors>
<msg time="2024-09-07T10:55:07.007940" level="ERROR">Error in file '/workspaces/Robot/keywords.resource' on line 2: Importing library 'PythonKeywords' failed: ModuleNotFoundError: No module named 'PythonKeywords'
Traceback (most recent call last):
  None
PYTHONPATH:
  /usr/local/python/3.12.1/bin
  /usr/local/python/3.12.1/lib/python312.zip
  /usr/local/python/3.12.1/lib/python3.12
  /usr/local/python/3.12.1/lib/python3.12/lib-dynload
  /home/codespace/.local/lib/python3.12/site-packages
  /usr/local/python/3.12.1/lib/python3.12/site-packages</msg>
</errors>
</robot>
